<?xml version="1.0" encoding="UTF-8"?>
<testsuite name="co.com.ceiba.estacionamiento.application.command.RegisterVehicleEntryHandlerTest" tests="1" skipped="0" failures="0" errors="0" timestamp="2019-06-20T18:55:18" hostname="EDUARDO-MONTEJO" time="0.336">
  <properties/>
  <testcase name="validateInitialLetterA" classname="co.com.ceiba.estacionamiento.application.command.RegisterVehicleEntryHandlerTest" time="0.336"/>
  <system-out><![CDATA[]]></system-out>
  <system-err><![CDATA[]]></system-err>
</testsuite>
