<?xml version="1.0" encoding="UTF-8"?>
<testsuite name="co.com.ceiba.estacionamiento.domain.entity.TicketTest" tests="2" skipped="0" failures="0" errors="0" timestamp="2019-06-20T18:55:20" hostname="EDUARDO-MONTEJO" time="0.029">
  <properties/>
  <testcase name="validateAdmissionDate" classname="co.com.ceiba.estacionamiento.domain.entity.TicketTest" time="0.028"/>
  <testcase name="validateVehicle" classname="co.com.ceiba.estacionamiento.domain.entity.TicketTest" time="0.001"/>
  <system-out><![CDATA[]]></system-out>
  <system-err><![CDATA[]]></system-err>
</testsuite>
