<?xml version="1.0" encoding="UTF-8"?>
<testsuite name="co.com.ceiba.estacionamiento.domain.entity.VehicleTest" tests="1" skipped="0" failures="0" errors="0" timestamp="2019-06-20T15:59:12" hostname="EDUARDO-MONTEJO" time="0.007">
  <properties/>
  <testcase name="validatePlateRequired" classname="co.com.ceiba.estacionamiento.domain.entity.VehicleTest" time="0.007"/>
  <system-out><![CDATA[]]></system-out>
  <system-err><![CDATA[]]></system-err>
</testsuite>
