<?xml version="1.0" encoding="UTF-8"?>
<testsuite name="co.com.ceiba.estacionamiento.domain.service.ServiceVehicleExitTest" tests="6" skipped="0" failures="0" errors="0" timestamp="2019-06-20T23:07:51" hostname="EDUARDO-MONTEJO" time="0.022">
  <properties/>
  <testcase name="calculateValueTicketMotoTenHoursAndHighEngine" classname="co.com.ceiba.estacionamiento.domain.service.ServiceVehicleExitTest" time="0.018"/>
  <testcase name="calculateValueTicketCarOneHour" classname="co.com.ceiba.estacionamiento.domain.service.ServiceVehicleExitTest" time="0.001"/>
  <testcase name="calculateValueTicketCarOneDayAndThreeHours" classname="co.com.ceiba.estacionamiento.domain.service.ServiceVehicleExitTest" time="0.001"/>
  <testcase name="calculateValueTicketMotoNineHoursAndHighEngine" classname="co.com.ceiba.estacionamiento.domain.service.ServiceVehicleExitTest" time="0.001"/>
  <testcase name="calculateValueTicketMotoNineHoursAndLowEngine" classname="co.com.ceiba.estacionamiento.domain.service.ServiceVehicleExitTest" time="0.001"/>
  <testcase name="calculateValueTicketCarNineHours" classname="co.com.ceiba.estacionamiento.domain.service.ServiceVehicleExitTest" time="0.0"/>
  <system-out><![CDATA[]]></system-out>
  <system-err><![CDATA[]]></system-err>
</testsuite>
